<?xml version="1.0" encoding="UTF-8" ?>
<testsuites disabled="0" errors="0" failures="0" tests="1" time="5">
 <testsuite name="demo-app-front App" timestamp="2018-03-01T16:42:14" hostname="localhost" time="0.005" errors="0" tests="1" skipped="0" disabled="0" failures="0">
  <testcase classname="demo-app-front App" name="should display" time="0.004" />
 </testsuite>
</testsuites>